Score=0.1523, writing output to /shared/projects/antioxydant/pep_edit/structure_prediction/chai/out/6be7_chai_input/trunk_0/pred.model_idx_0.cif
Score=0.1523, writing output to /shared/projects/antioxydant/pep_edit/structure_prediction/chai/out/6be7_chai_input/trunk_0/pred.model_idx_1.cif
Score=0.1523, writing output to /shared/projects/antioxydant/pep_edit/structure_prediction/chai/out/6be7_chai_input/trunk_0/pred.model_idx_2.cif
Score=0.1524, writing output to /shared/projects/antioxydant/pep_edit/structure_prediction/chai/out/6be7_chai_input/trunk_0/pred.model_idx_3.cif
Score=0.1524, writing output to /shared/projects/antioxydant/pep_edit/structure_prediction/chai/out/6be7_chai_input/trunk_0/pred.model_idx_4.cif
Score=0.1523, writing output to /shared/projects/antioxydant/pep_edit/structure_prediction/chai/out/6be7_chai_input/trunk_1/pred.model_idx_0.cif
Score=0.1524, writing output to /shared/projects/antioxydant/pep_edit/structure_prediction/chai/out/6be7_chai_input/trunk_1/pred.model_idx_1.cif
Score=0.1523, writing output to /shared/projects/antioxydant/pep_edit/structure_prediction/chai/out/6be7_chai_input/trunk_1/pred.model_idx_2.cif
Score=0.1524, writing output to /shared/projects/antioxydant/pep_edit/structure_prediction/chai/out/6be7_chai_input/trunk_1/pred.model_idx_3.cif
Score=0.1524, writing output to /shared/projects/antioxydant/pep_edit/structure_prediction/chai/out/6be7_chai_input/trunk_1/pred.model_idx_4.cif
Score=0.1523, writing output to /shared/projects/antioxydant/pep_edit/structure_prediction/chai/out/6be7_chai_input/trunk_2/pred.model_idx_0.cif
Score=0.1523, writing output to /shared/projects/antioxydant/pep_edit/structure_prediction/chai/out/6be7_chai_input/trunk_2/pred.model_idx_1.cif
Score=0.1524, writing output to /shared/projects/antioxydant/pep_edit/structure_prediction/chai/out/6be7_chai_input/trunk_2/pred.model_idx_2.cif
Score=0.1524, writing output to /shared/projects/antioxydant/pep_edit/structure_prediction/chai/out/6be7_chai_input/trunk_2/pred.model_idx_3.cif
Score=0.1524, writing output to /shared/projects/antioxydant/pep_edit/structure_prediction/chai/out/6be7_chai_input/trunk_2/pred.model_idx_4.cif
Score=0.1523, writing output to /shared/projects/antioxydant/pep_edit/structure_prediction/chai/out/6be7_chai_input/trunk_3/pred.model_idx_0.cif
Score=0.1523, writing output to /shared/projects/antioxydant/pep_edit/structure_prediction/chai/out/6be7_chai_input/trunk_3/pred.model_idx_1.cif
Score=0.1524, writing output to /shared/projects/antioxydant/pep_edit/structure_prediction/chai/out/6be7_chai_input/trunk_3/pred.model_idx_2.cif
Score=0.1523, writing output to /shared/projects/antioxydant/pep_edit/structure_prediction/chai/out/6be7_chai_input/trunk_3/pred.model_idx_3.cif
Score=0.1523, writing output to /shared/projects/antioxydant/pep_edit/structure_prediction/chai/out/6be7_chai_input/trunk_3/pred.model_idx_4.cif
Score=0.1524, writing output to /shared/projects/antioxydant/pep_edit/structure_prediction/chai/out/6be7_chai_input/trunk_4/pred.model_idx_0.cif
Score=0.1524, writing output to /shared/projects/antioxydant/pep_edit/structure_prediction/chai/out/6be7_chai_input/trunk_4/pred.model_idx_1.cif
Score=0.1525, writing output to /shared/projects/antioxydant/pep_edit/structure_prediction/chai/out/6be7_chai_input/trunk_4/pred.model_idx_2.cif
Score=0.1523, writing output to /shared/projects/antioxydant/pep_edit/structure_prediction/chai/out/6be7_chai_input/trunk_4/pred.model_idx_3.cif
Score=0.1524, writing output to /shared/projects/antioxydant/pep_edit/structure_prediction/chai/out/6be7_chai_input/trunk_4/pred.model_idx_4.cif
Score=0.1667, writing output to /shared/projects/antioxydant/pep_edit/structure_prediction/chai/out/6ben_chai_input/trunk_0/pred.model_idx_0.cif
Score=0.1668, writing output to /shared/projects/antioxydant/pep_edit/structure_prediction/chai/out/6ben_chai_input/trunk_0/pred.model_idx_1.cif
Score=0.1668, writing output to /shared/projects/antioxydant/pep_edit/structure_prediction/chai/out/6ben_chai_input/trunk_0/pred.model_idx_2.cif
Score=0.1669, writing output to /shared/projects/antioxydant/pep_edit/structure_prediction/chai/out/6ben_chai_input/trunk_0/pred.model_idx_3.cif
Score=0.1668, writing output to /shared/projects/antioxydant/pep_edit/structure_prediction/chai/out/6ben_chai_input/trunk_0/pred.model_idx_4.cif
Score=0.1667, writing output to /shared/projects/antioxydant/pep_edit/structure_prediction/chai/out/6ben_chai_input/trunk_1/pred.model_idx_0.cif
Score=0.1668, writing output to /shared/projects/antioxydant/pep_edit/structure_prediction/chai/out/6ben_chai_input/trunk_1/pred.model_idx_1.cif
Score=0.1668, writing output to /shared/projects/antioxydant/pep_edit/structure_prediction/chai/out/6ben_chai_input/trunk_1/pred.model_idx_2.cif
Score=0.1667, writing output to /shared/projects/antioxydant/pep_edit/structure_prediction/chai/out/6ben_chai_input/trunk_1/pred.model_idx_3.cif
Score=0.1668, writing output to /shared/projects/antioxydant/pep_edit/structure_prediction/chai/out/6ben_chai_input/trunk_1/pred.model_idx_4.cif
Score=0.1668, writing output to /shared/projects/antioxydant/pep_edit/structure_prediction/chai/out/6ben_chai_input/trunk_2/pred.model_idx_0.cif
Score=0.1667, writing output to /shared/projects/antioxydant/pep_edit/structure_prediction/chai/out/6ben_chai_input/trunk_2/pred.model_idx_1.cif
Score=0.1668, writing output to /shared/projects/antioxydant/pep_edit/structure_prediction/chai/out/6ben_chai_input/trunk_2/pred.model_idx_2.cif
Score=0.1668, writing output to /shared/projects/antioxydant/pep_edit/structure_prediction/chai/out/6ben_chai_input/trunk_2/pred.model_idx_3.cif
Score=0.1668, writing output to /shared/projects/antioxydant/pep_edit/structure_prediction/chai/out/6ben_chai_input/trunk_2/pred.model_idx_4.cif
Score=0.1668, writing output to /shared/projects/antioxydant/pep_edit/structure_prediction/chai/out/6ben_chai_input/trunk_3/pred.model_idx_0.cif
Score=0.1669, writing output to /shared/projects/antioxydant/pep_edit/structure_prediction/chai/out/6ben_chai_input/trunk_3/pred.model_idx_1.cif
Score=0.1668, writing output to /shared/projects/antioxydant/pep_edit/structure_prediction/chai/out/6ben_chai_input/trunk_3/pred.model_idx_2.cif
Score=0.1668, writing output to /shared/projects/antioxydant/pep_edit/structure_prediction/chai/out/6ben_chai_input/trunk_3/pred.model_idx_3.cif
Score=0.1669, writing output to /shared/projects/antioxydant/pep_edit/structure_prediction/chai/out/6ben_chai_input/trunk_3/pred.model_idx_4.cif
Score=0.1667, writing output to /shared/projects/antioxydant/pep_edit/structure_prediction/chai/out/6ben_chai_input/trunk_4/pred.model_idx_0.cif
Score=0.1668, writing output to /shared/projects/antioxydant/pep_edit/structure_prediction/chai/out/6ben_chai_input/trunk_4/pred.model_idx_1.cif
Score=0.1668, writing output to /shared/projects/antioxydant/pep_edit/structure_prediction/chai/out/6ben_chai_input/trunk_4/pred.model_idx_2.cif
Score=0.1667, writing output to /shared/projects/antioxydant/pep_edit/structure_prediction/chai/out/6ben_chai_input/trunk_4/pred.model_idx_3.cif
Score=0.1668, writing output to /shared/projects/antioxydant/pep_edit/structure_prediction/chai/out/6ben_chai_input/trunk_4/pred.model_idx_4.cif
Score=0.1585, writing output to /shared/projects/antioxydant/pep_edit/structure_prediction/chai/out/6wpv_chai_input/trunk_0/pred.model_idx_0.cif
Score=0.1585, writing output to /shared/projects/antioxydant/pep_edit/structure_prediction/chai/out/6wpv_chai_input/trunk_0/pred.model_idx_1.cif
Score=0.1585, writing output to /shared/projects/antioxydant/pep_edit/structure_prediction/chai/out/6wpv_chai_input/trunk_0/pred.model_idx_2.cif
Score=0.1585, writing output to /shared/projects/antioxydant/pep_edit/structure_prediction/chai/out/6wpv_chai_input/trunk_0/pred.model_idx_3.cif
Score=0.1585, writing output to /shared/projects/antioxydant/pep_edit/structure_prediction/chai/out/6wpv_chai_input/trunk_0/pred.model_idx_4.cif
Score=0.1586, writing output to /shared/projects/antioxydant/pep_edit/structure_prediction/chai/out/6wpv_chai_input/trunk_1/pred.model_idx_0.cif
Score=0.1585, writing output to /shared/projects/antioxydant/pep_edit/structure_prediction/chai/out/6wpv_chai_input/trunk_1/pred.model_idx_1.cif
Score=0.1586, writing output to /shared/projects/antioxydant/pep_edit/structure_prediction/chai/out/6wpv_chai_input/trunk_1/pred.model_idx_2.cif
Score=0.1586, writing output to /shared/projects/antioxydant/pep_edit/structure_prediction/chai/out/6wpv_chai_input/trunk_1/pred.model_idx_3.cif
Score=0.1585, writing output to /shared/projects/antioxydant/pep_edit/structure_prediction/chai/out/6wpv_chai_input/trunk_1/pred.model_idx_4.cif
Score=0.1585, writing output to /shared/projects/antioxydant/pep_edit/structure_prediction/chai/out/6wpv_chai_input/trunk_2/pred.model_idx_0.cif
Score=0.1585, writing output to /shared/projects/antioxydant/pep_edit/structure_prediction/chai/out/6wpv_chai_input/trunk_2/pred.model_idx_1.cif
Score=0.1585, writing output to /shared/projects/antioxydant/pep_edit/structure_prediction/chai/out/6wpv_chai_input/trunk_2/pred.model_idx_2.cif
Score=0.1585, writing output to /shared/projects/antioxydant/pep_edit/structure_prediction/chai/out/6wpv_chai_input/trunk_2/pred.model_idx_3.cif
Score=0.1585, writing output to /shared/projects/antioxydant/pep_edit/structure_prediction/chai/out/6wpv_chai_input/trunk_2/pred.model_idx_4.cif
Score=0.1585, writing output to /shared/projects/antioxydant/pep_edit/structure_prediction/chai/out/6wpv_chai_input/trunk_3/pred.model_idx_0.cif
Score=0.1585, writing output to /shared/projects/antioxydant/pep_edit/structure_prediction/chai/out/6wpv_chai_input/trunk_3/pred.model_idx_1.cif
Score=0.1586, writing output to /shared/projects/antioxydant/pep_edit/structure_prediction/chai/out/6wpv_chai_input/trunk_3/pred.model_idx_2.cif
Score=0.1585, writing output to /shared/projects/antioxydant/pep_edit/structure_prediction/chai/out/6wpv_chai_input/trunk_3/pred.model_idx_3.cif
Score=0.1586, writing output to /shared/projects/antioxydant/pep_edit/structure_prediction/chai/out/6wpv_chai_input/trunk_3/pred.model_idx_4.cif
Score=0.1586, writing output to /shared/projects/antioxydant/pep_edit/structure_prediction/chai/out/6wpv_chai_input/trunk_4/pred.model_idx_0.cif
Score=0.1585, writing output to /shared/projects/antioxydant/pep_edit/structure_prediction/chai/out/6wpv_chai_input/trunk_4/pred.model_idx_1.cif
Score=0.1586, writing output to /shared/projects/antioxydant/pep_edit/structure_prediction/chai/out/6wpv_chai_input/trunk_4/pred.model_idx_2.cif
Score=0.1586, writing output to /shared/projects/antioxydant/pep_edit/structure_prediction/chai/out/6wpv_chai_input/trunk_4/pred.model_idx_3.cif
Score=0.1586, writing output to /shared/projects/antioxydant/pep_edit/structure_prediction/chai/out/6wpv_chai_input/trunk_4/pred.model_idx_4.cif
Score=0.1556, writing output to /shared/projects/antioxydant/pep_edit/structure_prediction/chai/out/cilengitide_chai_input/trunk_0/pred.model_idx_0.cif
Score=0.1557, writing output to /shared/projects/antioxydant/pep_edit/structure_prediction/chai/out/cilengitide_chai_input/trunk_0/pred.model_idx_1.cif
Score=0.1556, writing output to /shared/projects/antioxydant/pep_edit/structure_prediction/chai/out/cilengitide_chai_input/trunk_0/pred.model_idx_2.cif
Score=0.1557, writing output to /shared/projects/antioxydant/pep_edit/structure_prediction/chai/out/cilengitide_chai_input/trunk_0/pred.model_idx_3.cif
Score=0.1556, writing output to /shared/projects/antioxydant/pep_edit/structure_prediction/chai/out/cilengitide_chai_input/trunk_0/pred.model_idx_4.cif
Score=0.1558, writing output to /shared/projects/antioxydant/pep_edit/structure_prediction/chai/out/cilengitide_chai_input/trunk_1/pred.model_idx_0.cif
Score=0.1556, writing output to /shared/projects/antioxydant/pep_edit/structure_prediction/chai/out/cilengitide_chai_input/trunk_1/pred.model_idx_1.cif
Score=0.1556, writing output to /shared/projects/antioxydant/pep_edit/structure_prediction/chai/out/cilengitide_chai_input/trunk_1/pred.model_idx_2.cif
Score=0.1557, writing output to /shared/projects/antioxydant/pep_edit/structure_prediction/chai/out/cilengitide_chai_input/trunk_1/pred.model_idx_3.cif
Score=0.1556, writing output to /shared/projects/antioxydant/pep_edit/structure_prediction/chai/out/cilengitide_chai_input/trunk_1/pred.model_idx_4.cif
Score=0.1557, writing output to /shared/projects/antioxydant/pep_edit/structure_prediction/chai/out/cilengitide_chai_input/trunk_2/pred.model_idx_0.cif
Score=0.1556, writing output to /shared/projects/antioxydant/pep_edit/structure_prediction/chai/out/cilengitide_chai_input/trunk_2/pred.model_idx_1.cif
Score=0.1555, writing output to /shared/projects/antioxydant/pep_edit/structure_prediction/chai/out/cilengitide_chai_input/trunk_2/pred.model_idx_2.cif
Score=0.1556, writing output to /shared/projects/antioxydant/pep_edit/structure_prediction/chai/out/cilengitide_chai_input/trunk_2/pred.model_idx_3.cif
Score=0.1556, writing output to /shared/projects/antioxydant/pep_edit/structure_prediction/chai/out/cilengitide_chai_input/trunk_2/pred.model_idx_4.cif
Score=0.1557, writing output to /shared/projects/antioxydant/pep_edit/structure_prediction/chai/out/cilengitide_chai_input/trunk_3/pred.model_idx_0.cif
Score=0.1557, writing output to /shared/projects/antioxydant/pep_edit/structure_prediction/chai/out/cilengitide_chai_input/trunk_3/pred.model_idx_1.cif
Score=0.1557, writing output to /shared/projects/antioxydant/pep_edit/structure_prediction/chai/out/cilengitide_chai_input/trunk_3/pred.model_idx_2.cif
Score=0.1556, writing output to /shared/projects/antioxydant/pep_edit/structure_prediction/chai/out/cilengitide_chai_input/trunk_3/pred.model_idx_3.cif
Score=0.1557, writing output to /shared/projects/antioxydant/pep_edit/structure_prediction/chai/out/cilengitide_chai_input/trunk_3/pred.model_idx_4.cif
Score=0.1556, writing output to /shared/projects/antioxydant/pep_edit/structure_prediction/chai/out/cilengitide_chai_input/trunk_4/pred.model_idx_0.cif
Score=0.1557, writing output to /shared/projects/antioxydant/pep_edit/structure_prediction/chai/out/cilengitide_chai_input/trunk_4/pred.model_idx_1.cif
Score=0.1558, writing output to /shared/projects/antioxydant/pep_edit/structure_prediction/chai/out/cilengitide_chai_input/trunk_4/pred.model_idx_2.cif
Score=0.1557, writing output to /shared/projects/antioxydant/pep_edit/structure_prediction/chai/out/cilengitide_chai_input/trunk_4/pred.model_idx_3.cif
Score=0.1557, writing output to /shared/projects/antioxydant/pep_edit/structure_prediction/chai/out/cilengitide_chai_input/trunk_4/pred.model_idx_4.cif
Score=0.2202, writing output to /shared/projects/antioxydant/pep_edit/structure_prediction/chai/out/cilengitide_complex_chai_input/trunk_0/pred.model_idx_0.cif
Score=0.2186, writing output to /shared/projects/antioxydant/pep_edit/structure_prediction/chai/out/cilengitide_complex_chai_input/trunk_0/pred.model_idx_1.cif
Score=0.2170, writing output to /shared/projects/antioxydant/pep_edit/structure_prediction/chai/out/cilengitide_complex_chai_input/trunk_0/pred.model_idx_2.cif
Score=0.2213, writing output to /shared/projects/antioxydant/pep_edit/structure_prediction/chai/out/cilengitide_complex_chai_input/trunk_0/pred.model_idx_3.cif
Score=0.2182, writing output to /shared/projects/antioxydant/pep_edit/structure_prediction/chai/out/cilengitide_complex_chai_input/trunk_0/pred.model_idx_4.cif
Score=0.2185, writing output to /shared/projects/antioxydant/pep_edit/structure_prediction/chai/out/cilengitide_complex_chai_input/trunk_1/pred.model_idx_0.cif
Score=0.2181, writing output to /shared/projects/antioxydant/pep_edit/structure_prediction/chai/out/cilengitide_complex_chai_input/trunk_1/pred.model_idx_1.cif
Score=0.2192, writing output to /shared/projects/antioxydant/pep_edit/structure_prediction/chai/out/cilengitide_complex_chai_input/trunk_1/pred.model_idx_2.cif
Score=0.2199, writing output to /shared/projects/antioxydant/pep_edit/structure_prediction/chai/out/cilengitide_complex_chai_input/trunk_1/pred.model_idx_3.cif
Score=0.2158, writing output to /shared/projects/antioxydant/pep_edit/structure_prediction/chai/out/cilengitide_complex_chai_input/trunk_1/pred.model_idx_4.cif
Score=0.2179, writing output to /shared/projects/antioxydant/pep_edit/structure_prediction/chai/out/cilengitide_complex_chai_input/trunk_2/pred.model_idx_0.cif
Score=0.2185, writing output to /shared/projects/antioxydant/pep_edit/structure_prediction/chai/out/cilengitide_complex_chai_input/trunk_2/pred.model_idx_1.cif
Score=0.2187, writing output to /shared/projects/antioxydant/pep_edit/structure_prediction/chai/out/cilengitide_complex_chai_input/trunk_2/pred.model_idx_2.cif
Score=0.2195, writing output to /shared/projects/antioxydant/pep_edit/structure_prediction/chai/out/cilengitide_complex_chai_input/trunk_2/pred.model_idx_3.cif
Score=0.2198, writing output to /shared/projects/antioxydant/pep_edit/structure_prediction/chai/out/cilengitide_complex_chai_input/trunk_2/pred.model_idx_4.cif
Score=0.2183, writing output to /shared/projects/antioxydant/pep_edit/structure_prediction/chai/out/cilengitide_complex_chai_input/trunk_3/pred.model_idx_0.cif
Score=0.2195, writing output to /shared/projects/antioxydant/pep_edit/structure_prediction/chai/out/cilengitide_complex_chai_input/trunk_3/pred.model_idx_1.cif
Score=0.2191, writing output to /shared/projects/antioxydant/pep_edit/structure_prediction/chai/out/cilengitide_complex_chai_input/trunk_3/pred.model_idx_2.cif
Score=0.2168, writing output to /shared/projects/antioxydant/pep_edit/structure_prediction/chai/out/cilengitide_complex_chai_input/trunk_3/pred.model_idx_3.cif
Score=0.2198, writing output to /shared/projects/antioxydant/pep_edit/structure_prediction/chai/out/cilengitide_complex_chai_input/trunk_3/pred.model_idx_4.cif
Score=0.2189, writing output to /shared/projects/antioxydant/pep_edit/structure_prediction/chai/out/cilengitide_complex_chai_input/trunk_4/pred.model_idx_0.cif
Score=0.2192, writing output to /shared/projects/antioxydant/pep_edit/structure_prediction/chai/out/cilengitide_complex_chai_input/trunk_4/pred.model_idx_1.cif
Score=0.2195, writing output to /shared/projects/antioxydant/pep_edit/structure_prediction/chai/out/cilengitide_complex_chai_input/trunk_4/pred.model_idx_2.cif
Score=0.2189, writing output to /shared/projects/antioxydant/pep_edit/structure_prediction/chai/out/cilengitide_complex_chai_input/trunk_4/pred.model_idx_3.cif
Score=0.2185, writing output to /shared/projects/antioxydant/pep_edit/structure_prediction/chai/out/cilengitide_complex_chai_input/trunk_4/pred.model_idx_4.cif
